<?xml version="1.0" encoding="UTF-8"?>
<!-- Generated by org.testng.reporters.JUnitXMLReporter -->
<testsuite hostname="HOME-PC" ignored="0" name="Regression-firefox" tests="7" failures="1" timestamp="02 Jun 2018 13:20:19 GMT" time="0.267" errors="0">
  <testcase name="@AfterMethod tearDown" time="0.0" classname="parker.homepage.HomePageTest">
    <failure type="java.lang.NullPointerException">
      <![CDATA[java.lang.NullPointerException
	at parker.homepage.HomePageTest.tearDown(HomePageTest.java:65)
	at java.util.concurrent.FutureTask.run(FutureTask.java:266)
	at java.util.concurrent.ThreadPoolExecutor.runWorker(ThreadPoolExecutor.java:1142)
	at java.util.concurrent.ThreadPoolExecutor$Worker.run(ThreadPoolExecutor.java:617)
	at java.lang.Thread.run(Thread.java:745)
... Removed 18 stack frames]]>
    </failure>
  </testcase> <!-- @AfterMethod tearDown -->
  <testcase name="@BeforeMethod initTest" time="0.0" classname="parker.homepage.HomePageTest">
    <skipped/>
  </testcase> <!-- @BeforeMethod initTest -->
  <testcase name="@AfterMethod tearDown" time="0.0" classname="parker.homepage.HomePageTest">
    <skipped/>
  </testcase> <!-- @AfterMethod tearDown -->
  <testcase name="@BeforeMethod initTest" time="0.0" classname="parker.homepage.HomePageTest">
    <skipped/>
  </testcase> <!-- @BeforeMethod initTest -->
  <testcase name="@AfterMethod tearDown" time="0.0" classname="parker.homepage.HomePageTest">
    <skipped/>
  </testcase> <!-- @AfterMethod tearDown -->
  <testcase name="@BeforeMethod initTest" time="0.0" classname="parker.homepage.HomePageTest">
    <skipped/>
  </testcase> <!-- @BeforeMethod initTest -->
  <testcase name="@AfterMethod tearDown" time="0.0" classname="parker.homepage.HomePageTest">
    <skipped/>
  </testcase> <!-- @AfterMethod tearDown -->
  <testcase name="@BeforeMethod initTest" time="0.0" classname="parker.homepage.HomePageTest">
    <skipped/>
  </testcase> <!-- @BeforeMethod initTest -->
  <testcase name="@AfterMethod tearDown" time="0.0" classname="parker.homepage.HomePageTest">
    <skipped/>
  </testcase> <!-- @AfterMethod tearDown -->
  <testcase name="@BeforeMethod initTest" time="0.0" classname="parker.homepage.HomePageTest">
    <skipped/>
  </testcase> <!-- @BeforeMethod initTest -->
  <testcase name="@AfterMethod tearDown" time="0.0" classname="parker.homepage.HomePageTest">
    <skipped/>
  </testcase> <!-- @AfterMethod tearDown -->
  <testcase name="@BeforeMethod initTest" time="0.0" classname="parker.homepage.HomePageTest">
    <skipped/>
  </testcase> <!-- @BeforeMethod initTest -->
  <testcase name="@AfterMethod tearDown" time="0.0" classname="parker.homepage.HomePageTest">
    <skipped/>
  </testcase> <!-- @AfterMethod tearDown -->
  <testcase name="parkerPageTitleTest" time="0.01" classname="parker.homepage.HomePageTest">
    <failure type="java.lang.NullPointerException">
      <![CDATA[java.lang.NullPointerException
	at parker.pages.HomePage.homePageTitle(HomePage.java:40)
	at parker.homepage.HomePageTest.parkerPageTitleTest(HomePageTest.java:29)
	at java.util.concurrent.FutureTask.run(FutureTask.java:266)
	at java.util.concurrent.ThreadPoolExecutor.runWorker(ThreadPoolExecutor.java:1142)
	at java.util.concurrent.ThreadPoolExecutor$Worker.run(ThreadPoolExecutor.java:617)
	at java.lang.Thread.run(Thread.java:745)
... Removed 16 stack frames]]>
    </failure>
  </testcase> <!-- parkerPageTitleTest -->
  <testcase name="parkerLogoTest" time="0.09" classname="parker.homepage.HomePageTest">
    <skipped/>
  </testcase> <!-- parkerLogoTest -->
  <testcase name="inqSectionDispTest" time="0.001" classname="parker.homepage.HomePageTest">
    <skipped/>
  </testcase> <!-- inqSectionDispTest -->
  <testcase name="chatSectionDispTest" time="0.0" classname="parker.homepage.HomePageTest">
    <skipped/>
  </testcase> <!-- chatSectionDispTest -->
  <testcase name="confSectionDispTest" time="0.0" classname="parker.homepage.HomePageTest">
    <skipped/>
  </testcase> <!-- confSectionDispTest -->
  <testcase name="clickOnSigninRegisterTest" time="0.0" classname="parker.homepage.HomePageTest">
    <skipped/>
  </testcase> <!-- clickOnSigninRegisterTest -->
  <testcase name="clikOnValvesTest" time="0.0" classname="parker.homepage.HomePageTest">
    <skipped/>
  </testcase> <!-- clikOnValvesTest -->
</testsuite> <!-- Regression-firefox -->
