<?xml version="1.0" encoding="UTF-8"?>
<!-- Generated by org.testng.reporters.JUnitXMLReporter -->
<testsuite hostname="HOME-PC" ignored="0" name="Regression" tests="18" failures="2" timestamp="10 Jun 2018 15:47:15 GMT" time="478.772" errors="0">
  <testcase name="parkerPageTitleTest" time="0.699" classname="parker.homepage.HomePageTest">
    <skipped/>
  </testcase> <!-- parkerPageTitleTest -->
  <testcase name="parkerPageTitleTest" time="0.293" classname="parker.homepage.HomePageTest">
    <skipped/>
  </testcase> <!-- parkerPageTitleTest -->
  <testcase name="parkerPageTitleTest" time="0.312" classname="parker.homepage.HomePageTest">
    <skipped/>
  </testcase> <!-- parkerPageTitleTest -->
  <testcase name="parkerPageTitleTest" time="1.189" classname="parker.homepage.HomePageTest">
    <failure type="java.lang.AssertionError" message="Title mismatch found  expected [arker Engineering Your Success Motion Control Technology - Parker] but found [Parker Engineering Your Success Motion Control Technology - Parker]">
      <![CDATA[java.lang.AssertionError: Title mismatch found  expected [arker Engineering Your Success Motion Control Technology - Parker] but found [Parker Engineering Your Success Motion Control Technology - Parker]
	at parker.homepage.HomePageTest.parkerPageTitleTest(HomePageTest.java:37)
... Removed 30 stack frames]]>
    </failure>
  </testcase> <!-- parkerPageTitleTest -->
  <testcase name="whereToBuyLabelDispTest" time="0.771" classname="parker.wheretobuy.WhereToBuyPageTest"/>
  <testcase name="parkerLogoTest" time="0.866" classname="parker.homepage.HomePageTest"/>
  <testcase name="selectProductCategoryLabelDispTest" time="1.25" classname="parker.wheretobuy.WhereToBuyPageTest"/>
  <testcase name="inqSectionDispTest" time="0.622" classname="parker.homepage.HomePageTest"/>
  <testcase name="selectCountryFromListTest" time="1.085" classname="parker.wheretobuy.WhereToBuyPageTest"/>
  <testcase name="chatSectionDispTest" time="0.544" classname="parker.homepage.HomePageTest">
    <skipped/>
  </testcase> <!-- chatSectionDispTest -->
  <testcase name="chatSectionDispTest" time="0.525" classname="parker.homepage.HomePageTest">
    <skipped/>
  </testcase> <!-- chatSectionDispTest -->
  <testcase name="chatSectionDispTest" time="0.84" classname="parker.homepage.HomePageTest">
    <skipped/>
  </testcase> <!-- chatSectionDispTest -->
  <testcase name="chatSectionDispTest" time="0.692" classname="parker.homepage.HomePageTest">
    <failure type="java.lang.AssertionError" message="expected [false] but found [true]">
      <![CDATA[java.lang.AssertionError: expected [false] but found [true]
	at parker.homepage.HomePageTest.chatSectionDispTest(HomePageTest.java:54)
... Removed 29 stack frames]]>
    </failure>
  </testcase> <!-- chatSectionDispTest -->
  <testcase name="confSectionDispTest" time="0.937" classname="parker.homepage.HomePageTest"/>
  <testcase name="clikOnValvesTest" time="1.896" classname="parker.homepage.HomePageTest"/>
  <testcase name="clickOnSigninRegisterTest" time="22.141" classname="parker.homepage.HomePageTest"/>
  <testcase name="clickOnProductsLinkTest" time="1.789" classname="parker.homepage.HomePageTest"/>
  <testcase name="clickOnWhereToBuyLinkTest" time="9.562" classname="parker.homepage.HomePageTest"/>
</testsuite> <!-- Regression -->
