<?xml version="1.0" encoding="UTF-8"?>
<!-- Generated by org.testng.reporters.JUnitReportReporter -->
<testsuite name="parker.homepage.HomePageTest" tests="15" time="362.235" ignored="0" failures="2" timestamp="10 Jun 2018 15:47:18 GMT" skipped="6" hostname="HOME-PC" errors="0">
  <testcase name="chatSectionDispTest" time="20.480" classname="parker.homepage.HomePageTest">
    <skipped/>
  </testcase> <!-- chatSectionDispTest -->
  <testcase name="confSectionDispTest" time="25.558" classname="parker.homepage.HomePageTest"/>
  <testcase name="chatSectionDispTest" time="23.621" classname="parker.homepage.HomePageTest">
    <skipped/>
  </testcase> <!-- chatSectionDispTest -->
  <testcase name="parkerPageTitleTest" time="20.342" classname="parker.homepage.HomePageTest">
    <skipped/>
  </testcase> <!-- parkerPageTitleTest -->
  <testcase name="inqSectionDispTest" time="23.228" classname="parker.homepage.HomePageTest"/>
  <testcase name="clikOnValvesTest" time="22.961" classname="parker.homepage.HomePageTest"/>
  <testcase name="chatSectionDispTest" time="27.428" classname="parker.homepage.HomePageTest">
    <skipped/>
  </testcase> <!-- chatSectionDispTest -->
  <testcase name="parkerPageTitleTest" time="20.140" classname="parker.homepage.HomePageTest">
    <skipped/>
  </testcase> <!-- parkerPageTitleTest -->
  <testcase name="parkerLogoTest" time="21.645" classname="parker.homepage.HomePageTest"/>
  <testcase name="clickOnSigninRegisterTest" time="41.348" classname="parker.homepage.HomePageTest"/>
  <testcase name="clickOnProductsLinkTest" time="24.056" classname="parker.homepage.HomePageTest"/>
  <testcase name="clickOnWhereToBuyLinkTest" time="30.392" classname="parker.homepage.HomePageTest"/>
  <testcase name="chatSectionDispTest" time="19.002" classname="parker.homepage.HomePageTest">
    <failure type="java.lang.AssertionError" message="expected [false] but found [true]">
      <![CDATA[java.lang.AssertionError: expected [false] but found [true]
	at org.testng.Assert.fail(Assert.java:94)
	at org.testng.Assert.failNotEquals(Assert.java:513)
	at org.testng.Assert.assertFalse(Assert.java:63)
	at org.testng.Assert.assertFalse(Assert.java:73)
	at parker.homepage.HomePageTest.chatSectionDispTest(HomePageTest.java:54)
	at sun.reflect.NativeMethodAccessorImpl.invoke0(Native Method)
	at sun.reflect.NativeMethodAccessorImpl.invoke(NativeMethodAccessorImpl.java:62)
	at sun.reflect.DelegatingMethodAccessorImpl.invoke(DelegatingMethodAccessorImpl.java:43)
	at java.lang.reflect.Method.invoke(Method.java:498)
	at org.testng.internal.MethodInvocationHelper.invokeMethod(MethodInvocationHelper.java:104)
	at org.testng.internal.Invoker.invokeMethod(Invoker.java:645)
	at org.testng.internal.Invoker.retryFailed(Invoker.java:998)
	at org.testng.internal.Invoker.invokeTestMethods(Invoker.java:1200)
	at org.testng.internal.TestMethodWorker.invokeTestMethods(TestMethodWorker.java:129)
	at org.testng.internal.TestMethodWorker.run(TestMethodWorker.java:112)
	at org.testng.TestRunner.privateRun(TestRunner.java:756)
	at org.testng.TestRunner.run(TestRunner.java:610)
	at org.testng.SuiteRunner.runTest(SuiteRunner.java:387)
	at org.testng.SuiteRunner.runSequentially(SuiteRunner.java:382)
	at org.testng.SuiteRunner.privateRun(SuiteRunner.java:340)
	at org.testng.SuiteRunner.run(SuiteRunner.java:289)
	at org.testng.SuiteRunnerWorker.runSuite(SuiteRunnerWorker.java:52)
	at org.testng.SuiteRunnerWorker.run(SuiteRunnerWorker.java:86)
	at org.testng.TestNG.runSuitesSequentially(TestNG.java:1293)
	at org.testng.TestNG.runSuitesLocally(TestNG.java:1218)
	at org.testng.TestNG.runSuites(TestNG.java:1133)
	at org.testng.TestNG.run(TestNG.java:1104)
	at org.testng.remote.AbstractRemoteTestNG.run(AbstractRemoteTestNG.java:126)
	at org.testng.remote.RemoteTestNG.initAndRun(RemoteTestNG.java:137)
	at org.testng.remote.RemoteTestNG.main(RemoteTestNG.java:58)
]]>
    </failure>
  </testcase> <!-- chatSectionDispTest -->
  <testcase name="parkerPageTitleTest" time="18.626" classname="parker.homepage.HomePageTest">
    <skipped/>
  </testcase> <!-- parkerPageTitleTest -->
  <testcase name="parkerPageTitleTest" time="23.408" classname="parker.homepage.HomePageTest">
    <failure type="java.lang.AssertionError" message="Title mismatch found  expected [arker Engineering Your Success Motion Control Technology - Parker] but found [Parker Engineering Your Success Motion Control Technology - Parker]">
      <![CDATA[java.lang.AssertionError: Title mismatch found  expected [arker Engineering Your Success Motion Control Technology - Parker] but found [Parker Engineering Your Success Motion Control Technology - Parker]
	at org.testng.Assert.fail(Assert.java:94)
	at org.testng.Assert.failNotEquals(Assert.java:513)
	at org.testng.Assert.assertEqualsImpl(Assert.java:135)
	at org.testng.Assert.assertEquals(Assert.java:116)
	at org.testng.Assert.assertEquals(Assert.java:190)
	at parker.homepage.HomePageTest.parkerPageTitleTest(HomePageTest.java:37)
	at sun.reflect.NativeMethodAccessorImpl.invoke0(Native Method)
	at sun.reflect.NativeMethodAccessorImpl.invoke(NativeMethodAccessorImpl.java:62)
	at sun.reflect.DelegatingMethodAccessorImpl.invoke(DelegatingMethodAccessorImpl.java:43)
	at java.lang.reflect.Method.invoke(Method.java:498)
	at org.testng.internal.MethodInvocationHelper.invokeMethod(MethodInvocationHelper.java:104)
	at org.testng.internal.Invoker.invokeMethod(Invoker.java:645)
	at org.testng.internal.Invoker.retryFailed(Invoker.java:998)
	at org.testng.internal.Invoker.invokeTestMethods(Invoker.java:1200)
	at org.testng.internal.TestMethodWorker.invokeTestMethods(TestMethodWorker.java:129)
	at org.testng.internal.TestMethodWorker.run(TestMethodWorker.java:112)
	at org.testng.TestRunner.privateRun(TestRunner.java:756)
	at org.testng.TestRunner.run(TestRunner.java:610)
	at org.testng.SuiteRunner.runTest(SuiteRunner.java:387)
	at org.testng.SuiteRunner.runSequentially(SuiteRunner.java:382)
	at org.testng.SuiteRunner.privateRun(SuiteRunner.java:340)
	at org.testng.SuiteRunner.run(SuiteRunner.java:289)
	at org.testng.SuiteRunnerWorker.runSuite(SuiteRunnerWorker.java:52)
	at org.testng.SuiteRunnerWorker.run(SuiteRunnerWorker.java:86)
	at org.testng.TestNG.runSuitesSequentially(TestNG.java:1293)
	at org.testng.TestNG.runSuitesLocally(TestNG.java:1218)
	at org.testng.TestNG.runSuites(TestNG.java:1133)
	at org.testng.TestNG.run(TestNG.java:1104)
	at org.testng.remote.AbstractRemoteTestNG.run(AbstractRemoteTestNG.java:126)
	at org.testng.remote.RemoteTestNG.initAndRun(RemoteTestNG.java:137)
	at org.testng.remote.RemoteTestNG.main(RemoteTestNG.java:58)
]]>
    </failure>
  </testcase> <!-- parkerPageTitleTest -->
</testsuite> <!-- parker.homepage.HomePageTest -->
